<?xml version="1.0" encoding="UTF-8"?>
<testsuite xmlns:xsi="http://www.w3.org/2001/XMLSchema-instance" xsi:noNamespaceSchemaLocation="https://maven.apache.org/surefire/maven-surefire-plugin/xsd/surefire-test-report-3.0.xsd" version="3.0" name="com.example.tf.TfApplicationTests" time="5.186" tests="1" errors="0" skipped="0" failures="0">
  <properties>
[...]
</properties>
  <testcase name="contextLoads" classname="com.example.tf.TfApplicationTests" time="0.732">
    <system-out><![CDATA[19:07:46.298 [main] INFO org.springframework.test.context.support.AnnotationConfigContextLoaderUtils -- Could not detect default configuration classes for test class [com.example.tf.TfApplicationTests]: TfApplicationTests does not declare any static, non-private, non-final, nested classes annotated with @Configuration.
19:07:46.423 [main] INFO org.springframework.boot.test.context.SpringBootTestContextBootstrapper -- Found @SpringBootConfiguration com.example.tf.TfApplication for test class com.example.tf.TfApplicationTests

  .   ____          _            __ _ _
 /\\ / ___'_ __ _ _(_)_ __  __ _ \ \ \ \
( ( )\___ | '_ | '_| | '_ \/ _` | \ \ \ \
 \\/  ___)| |_)| | | | | || (_| |  ) ) ) )
  '  |____| .__|_| |_|_| |_\__, | / / / /
 =========|_|==============|___/=/_/_/_/

 :: Spring Boot ::                (v3.3.4)

2024-10-05T19:07:46.934-03:00  INFO 9024 --- [tf] [           main] com.example.tf.TfApplicationTests        : Starting TfApplicationTests using Java 23 with PID 9024 (started by Marina in D:\ESPECIALIZACION\Diseño de BD\tf)
2024-10-05T19:07:46.934-03:00  INFO 9024 --- [tf] [           main] com.example.tf.TfApplicationTests        : No active profile set, falling back to 1 default profile: "default"
2024-10-05T19:07:47.732-03:00  INFO 9024 --- [tf] [           main] .s.d.r.c.RepositoryConfigurationDelegate : Bootstrapping Spring Data JPA repositories in DEFAULT mode.
2024-10-05T19:07:47.764-03:00  INFO 9024 --- [tf] [           main] .s.d.r.c.RepositoryConfigurationDelegate : Finished Spring Data repository scanning in 16 ms. Found 0 JPA repository interfaces.
2024-10-05T19:07:48.239-03:00  INFO 9024 --- [tf] [           main] com.zaxxer.hikari.HikariDataSource       : HikariPool-1 - Starting...
2024-10-05T19:07:48.739-03:00  INFO 9024 --- [tf] [           main] com.zaxxer.hikari.pool.HikariPool        : HikariPool-1 - Added connection com.mysql.cj.jdbc.ConnectionImpl@4dfdfe7d
2024-10-05T19:07:48.739-03:00  INFO 9024 --- [tf] [           main] com.zaxxer.hikari.HikariDataSource       : HikariPool-1 - Start completed.
2024-10-05T19:07:48.801-03:00  INFO 9024 --- [tf] [           main] o.hibernate.jpa.internal.util.LogHelper  : HHH000204: Processing PersistenceUnitInfo [name: default]
2024-10-05T19:07:48.879-03:00  INFO 9024 --- [tf] [           main] org.hibernate.Version                    : HHH000412: Hibernate ORM core version 6.5.3.Final
2024-10-05T19:07:48.925-03:00  INFO 9024 --- [tf] [           main] o.h.c.internal.RegionFactoryInitiator    : HHH000026: Second-level cache disabled
2024-10-05T19:07:49.347-03:00  INFO 9024 --- [tf] [           main] o.s.o.j.p.SpringPersistenceUnitInfo      : No LoadTimeWeaver setup: ignoring JPA class transformer
2024-10-05T19:07:49.847-03:00  INFO 9024 --- [tf] [           main] o.h.e.t.j.p.i.JtaPlatformInitiator       : HHH000489: No JTA platform available (set 'hibernate.transaction.jta.platform' to enable JTA platform integration)
2024-10-05T19:07:49.862-03:00  INFO 9024 --- [tf] [           main] j.LocalContainerEntityManagerFactoryBean : Initialized JPA EntityManagerFactory for persistence unit 'default'
2024-10-05T19:07:50.050-03:00  WARN 9024 --- [tf] [           main] JpaBaseConfiguration$JpaWebConfiguration : spring.jpa.open-in-view is enabled by default. Therefore, database queries may be performed during view rendering. Explicitly configure spring.jpa.open-in-view to disable this warning
2024-10-05T19:07:50.518-03:00  INFO 9024 --- [tf] [           main] com.example.tf.TfApplicationTests        : Started TfApplicationTests in 3.923 seconds (process running for 5.086)
]]></system-out>
    <system-err><![CDATA[WARNING: A Java agent has been loaded dynamically (C:\Users\marin\.m2\repository\net\bytebuddy\byte-buddy-agent\1.14.19\byte-buddy-agent-1.14.19.jar)
WARNING: If a serviceability tool is in use, please run with -XX:+EnableDynamicAgentLoading to hide this warning
WARNING: If a serviceability tool is not in use, please run with -Djdk.instrument.traceUsage for more information
WARNING: Dynamic loading of agents will be disallowed by default in a future release
]]></system-err>
  </testcase>
</testsuite>